<?xml version="1.0" encoding="UTF-8"?>
<testng-results ignored="0" total="1" passed="1" failed="0" skipped="0">
  <reporter-output>
  </reporter-output>
  <suite started-at="2023-10-11T19:30:11 CDT" name="Default suite" finished-at="2023-10-11T19:30:15 CDT" duration-ms="3912">
    <groups>
    </groups>
    <test started-at="2023-10-11T19:30:11 CDT" name="Default test" finished-at="2023-10-11T19:30:15 CDT" duration-ms="3912">
      <class name="com.edureka.blaze_demo.StepDefinitions">
        <test-method is-config="true" signature="setup()[pri:0, instance:com.edureka.blaze_demo.StepDefinitions@1573f9fc]" started-at="2023-10-11T19:30:11 CDT" name="setup" finished-at="2023-10-11T19:30:13 CDT" duration-ms="2497" status="PASS">
          <reporter-output>
          </reporter-output>
        </test-method> <!-- setup -->
        <test-method signature="setup()[pri:0, instance:com.edureka.blaze_demo.StepDefinitions@1573f9fc]" started-at="2023-10-11T19:30:13 CDT" name="setup" finished-at="2023-10-11T19:30:15 CDT" duration-ms="1185" status="PASS">
          <reporter-output>
          </reporter-output>
        </test-method> <!-- setup -->
        <test-method is-config="true" signature="tearDown()[pri:0, instance:com.edureka.blaze_demo.StepDefinitions@1573f9fc]" started-at="2023-10-11T19:30:15 CDT" name="tearDown" finished-at="2023-10-11T19:30:15 CDT" duration-ms="189" status="PASS">
          <reporter-output>
          </reporter-output>
        </test-method> <!-- tearDown -->
      </class> <!-- com.edureka.blaze_demo.StepDefinitions -->
    </test> <!-- Default test -->
  </suite> <!-- Default suite -->
</testng-results>
